<?xml version="1.0" encoding="utf-8"?><testsuites>
<testsuite time="0" tests="5" skipped="0" errors="5" failures="0" package="net.spof" name="http://nuclearhorsestudios.com/"><testcase time="0" name="net.spof.LoadApplicationJSNon-blocking"><error message="WARNING: Possible SPOF attack due to script js/lib/dep/require.js Fix: Load application JS in a non-blocking pattern or towards the end of page"><![CDATA[entity=js/lib/dep/require.js:score=80%]]></error></testcase><testcase time="0" name="net.spof.LoadApplicationJSNon-blocking"><error message="WARNING: Possible SPOF attack due to script js/lib/RequireConfig.js Fix: Load application JS in a non-blocking pattern or towards the end of page"><![CDATA[entity=js/lib/RequireConfig.js:score=72%]]></error></testcase><testcase time="0" name="net.spof.StylesheetWith@font-face"><error message="WARNING: Possible SPOF attack due to @font-face style in external stylesheet Fix: Try to inline @font-face style. Also make the font files compressed and cacheable"><![CDATA[entity=http://themes.googleusercontent.com/static/fonts/oswald/v7/HqHm7BVC_nzzTui2lzQTDaCWcynf_cDxXwCLxiixG1c.ttf:score=NA%]]></error></testcase><testcase time="0" name="net.spof.StylesheetWith@font-face"><error message="WARNING: Possible SPOF attack due to @font-face style in external stylesheet Fix: Try to inline @font-face style. Also make the font files compressed and cacheable"><![CDATA[entity=http://themes.googleusercontent.com/static/fonts/oswald/v7/Y_TKV6o8WovbUd3m_X9aAA.ttf:score=NA%]]></error></testcase><testcase time="0" name="net.spof.StylesheetWith@font-face"><error message="WARNING: Possible SPOF attack due to @font-face style in external stylesheet Fix: Try to inline @font-face style. Also make the font files compressed and cacheable"><![CDATA[entity=http://themes.googleusercontent.com/static/fonts/oswald/v7/bH7276GfdCjMjApa_dkG6aCWcynf_cDxXwCLxiixG1c.ttf:score=NA%]]></error></testcase></testsuite>
</testsuites>